1652263766949	geckodriver	INFO	Listening on 127.0.0.1:50817
1652263769877	mozrunner::runner	INFO	Running command: "C:\\Program Files\\Mozilla Firefox\\firefox.exe" "--marionette" "--headless" "--remote-debugging-port" "50818" "--remote-allow-hosts" "localhost" "-no-remote" "-profile" "C:\\Users\\PURPLE~1\\AppData\\Local\\Temp\\rust_mozprofileaefMYO"
*** You are running in headless mode.
1652263770878	Marionette	INFO	Marionette enabled
[GFX1-]: RenderCompositorSWGL failed mapping default framebuffer, no dt
console.warn: SearchSettings: "get: No settings file exists, new profile?" (new NotFoundError("Could not open the file at C:\\Users\\PURPLE~1\\AppData\\Local\\Temp\\rust_mozprofileaefMYO\\search.json.mozlz4", (void 0)))
DevTools listening on ws://localhost:50818/devtools/browser/94f0b553-7e4f-4ae8-80a7-b9fc5530861f
1652263774682	Marionette	INFO	Listening on port 50843
Read port: 50843
1652263774767	RemoteAgent	WARN	TLS certificate errors will be ignored for this session
JavaScript error: , line 0: NS_ERROR_NOT_AVAILABLE
1:50894
1652263787766	mozrunner::runner	INFO	Running command: "C:\\Program Files\\Mozilla Firefox\\firefox.exe" "--marionette" "--headless" "--remote-debugging-port" "50895" "--remote-allow-hosts" "localhost" "-no-remote" "-profile" "C:\\Users\\PURPLE~1\\AppData\\Local\\Temp\\rust_mozprofilehYiLOI"
*** You are running in headless mode.
1652263788782	Marionette	INFO	Marionette enabled
[GFX1-]: RenderCompositorSWGL failed mapping default framebuffer, no dt
console.warn: SearchSettings: "get: No settings file exists, new profile?" (new NotFoundError("Could not open the file at C:\\Users\\PURPLE~1\\AppData\\Local\\Temp\\rust_mozprofilehYiLOI\\search.json.mozlz4", (void 0)))
DevTools listening on ws://localhost:50895/devtools/browser/98281044-c794-49a7-b0ee-fb5e37d85022
1652263792484	Marionette	INFO	Listening on port 50920
Read port: 50920
1652263792618	RemoteAgent	WARN	TLS certificate errors will be ignored for this session
JavaScript error: , line 0: NS_ERROR_NOT_AVAILABLE
1652265035998	geckodriver	INFO	Listening on 127.0.0.1:51731
1652265039031	mozrunner::runner	INFO	Running command: "C:\\Program Files\\Mozilla Firefox\\firefox.exe" "--marionette" "--headless" "--remote-debugging-port" "51732" "--remote-allow-hosts" "localhost" "-no-remote" "-profile" "C:\\Users\\PURPLE~1\\AppData\\Local\\Temp\\rust_mozprofileJGvyR0"
*** You are running in headless mode.
1652265040136	Marionette	INFO	Marionette enabled
[GFX1-]: RenderCompositorSWGL failed mapping default framebuffer, no dt
console.warn: SearchSettings: "get: No settings file exists, new profile?" (new NotFoundError("Could not open the file at C:\\Users\\PURPLE~1\\AppData\\Local\\Temp\\rust_mozprofileJGvyR0\\search.json.mozlz4", (void 0)))
DevTools listening on ws://localhost:51732/devtools/browser/699f8840-352c-4555-a8fb-8f9ba4505a91
1652265044437	Marionette	INFO	Listening on port 51760
Read port: 51760
1652265044664	RemoteAgent	WARN	TLS certificate errors will be ignored for this session
1652265255558	geckodriver	INFO	Listening on 127.0.0.1:51931
1652265258599	mozrunner::runner	INFO	Running command: "C:\\Program Files\\Mozilla Firefox\\firefox.exe" "--marionette" "--headless" "--remote-debugging-port" "51932" "--remote-allow-hosts" "localhost" "-no-remote" "-profile" "C:\\Users\\PURPLE~1\\AppData\\Local\\Temp\\rust_mozprofileBe8XdD"
*** You are running in headless mode.
1652265259732	Marionette	INFO	Marionette enabled
[GFX1-]: RenderCompositorSWGL failed mapping default framebuffer, no dt
console.warn: SearchSettings: "get: No settings file exists, new profile?" (new NotFoundError("Could not open the file at C:\\Users\\PURPLE~1\\AppData\\Local\\Temp\\rust_mozprofileBe8XdD\\search.json.mozlz4", (void 0)))
DevTools listening on ws://localhost:51932/devtools/browser/e54c9102-d9d1-48cf-96fd-7dc73c9d4eee
1652265264231	Marionette	INFO	Listening on port 51959
Read port: 51959
1652265264405	RemoteAgent	WARN	TLS certificate errors will be ignored for this session
1652265273232	geckodriver	INFO	Listening on 127.0.0.1:52008
1652265276251	mozrunner::runner	INFO	Running command: "C:\\Program Files\\Mozilla Firefox\\firefox.exe" "--marionette" "--headless" "--remote-debugging-port" "52009" "--remote-allow-hosts" "localhost" "-no-remote" "-profile" "C:\\Users\\PURPLE~1\\AppData\\Local\\Temp\\rust_mozprofileSPxejQ"
*** You are running in headless mode.
1652265277411	Marionette	INFO	Marionette enabled
[GFX1-]: RenderCompositorSWGL failed mapping default framebuffer, no dt
console.warn: SearchSettings: "get: No settings file exists, new profile?" (new NotFoundError("Could not open the file at C:\\Users\\PURPLE~1\\AppData\\Local\\Temp\\rust_mozprofileSPxejQ\\search.json.mozlz4", (void 0)))
DevTools listening on ws://localhost:52009/devtools/browser/e83e02b5-188e-42a9-9914-f45fcb444237
1652265281833	Marionette	INFO	Listening on port 52035
Read port: 52035
1652265282060	RemoteAgent	WARN	TLS certificate errors will be ignored for this session
1652265492602	geckodriver	INFO	Listening on 127.0.0.1:52204
1652265495911	mozrunner::runner	INFO	Running command: "C:\\Program Files\\Mozilla Firefox\\firefox.exe" "--marionette" "--headless" "--remote-debugging-port" "52205" "--remote-allow-hosts" "localhost" "-no-remote" "-profile" "C:\\Users\\PURPLE~1\\AppData\\Local\\Temp\\rust_mozprofile1r9Y4O"
*** You are running in headless mode.
1652265497165	Marionette	INFO	Marionette enabled
[GFX1-]: RenderCompositorSWGL failed mapping default framebuffer, no dt
console.warn: SearchSettings: "get: No settings file exists, new profile?" (new NotFoundError("Could not open the file at C:\\Users\\PURPLE~1\\AppData\\Local\\Temp\\rust_mozprofile1r9Y4O\\search.json.mozlz4", (void 0)))
DevTools listening on ws://localhost:52205/devtools/browser/2afbdf77-b751-432f-99b5-fe171e3f4089
1652265501461	Marionette	INFO	Listening on port 52234
Read port: 52234
1652265501618	RemoteAgent	WARN	TLS certificate errors will be ignored for this session
1652265515610	geckodriver	INFO	Listening on 127.0.0.1:52282
1652265519016	mozrunner::runner	INFO	Running command: "C:\\Program Files\\Mozilla Firefox\\firefox.exe" "--marionette" "--headless" "--remote-debugging-port" "52283" "--remote-allow-hosts" "localhost" "-no-remote" "-profile" "C:\\Users\\PURPLE~1\\AppData\\Local\\Temp\\rust_mozprofileEB8az6"
*** You are running in headless mode.
1652265521134	Marionette	INFO	Marionette enabled
[GFX1-]: RenderCompositorSWGL failed mapping default framebuffer, no dt
console.warn: SearchSettings: "get: No settings file exists, new profile?" (new NotFoundError("Could not open the file at C:\\Users\\PURPLE~1\\AppData\\Local\\Temp\\rust_mozprofileEB8az6\\search.json.mozlz4", (void 0)))
DevTools listening on ws://localhost:52283/devtools/browser/4aae1203-b84f-4fc3-bd5d-4280bbe392fe
1652265527291	Marionette	INFO	Listening on port 52315
Read port: 52315
1652265527445	RemoteAgent	WARN	TLS certificate errors will be ignored for this session
1652265546630	geckodriver	INFO	Listening on 127.0.0.1:52363
